  main.cpp
C:\Users\Tiny Rick\Documents\441 Computer Graphics\projects\Project2\Project2\camera.h(45,18): warning C4244: 'initializing': conversion from 'double' to 'float', possible loss of data
C:\Users\Tiny Rick\Documents\441 Computer Graphics\projects\Project2\Project2\camera.h(46,18): warning C4244: 'initializing': conversion from 'double' to 'float', possible loss of data
C:\Users\Tiny Rick\Documents\441 Computer Graphics\projects\Project2\Project2\hit.h(36,26): warning C4244: 'argument': conversion from 'const double' to 'float', possible loss of data
C:\Users\Tiny Rick\Documents\441 Computer Graphics\projects\Project2\Project2\light.h(94,20): warning C4244: 'return': conversion from 'double' to 'float', possible loss of data
C:\Users\Tiny Rick\Documents\441 Computer Graphics\projects\Project2\Project2\renderer.h(19,24): warning C4244: 'return': conversion from 'const _Ty' to 'int', possible loss of data
          with
          [
              _Ty=float
          ]
C:\Users\Tiny Rick\Documents\441 Computer Graphics\projects\Project2\Project2\renderer.h(30,1): warning C4305: 'initializing': truncation from 'double' to 'float'
C:\Users\Tiny Rick\Documents\441 Computer Graphics\projects\Project2\Project2\renderer.h(45,24): warning C4244: 'initializing': conversion from 'double' to 'float', possible loss of data
C:\Users\Tiny Rick\Documents\441 Computer Graphics\projects\Project2\Project2\renderer.h(132,21): warning C4244: 'initializing': conversion from 'double' to 'float', possible loss of data
C:\Users\Tiny Rick\Documents\441 Computer Graphics\projects\Project2\Project2\renderer.h(182,27): warning C4018: '<': signed/unsigned mismatch
C:\Users\Tiny Rick\Documents\441 Computer Graphics\projects\Project2\Project2\renderer.h(183,31): warning C4018: '<': signed/unsigned mismatch
C:\Users\Tiny Rick\Documents\441 Computer Graphics\projects\Project2\Project2\main.cpp(48,19): warning C4244: 'argument': conversion from 'time_t' to 'unsigned int', possible loss of data
C:\Users\Tiny Rick\Documents\441 Computer Graphics\projects\Project2\Project2\main.cpp(60,14): warning C4244: 'initializing': conversion from 'double' to 'float', possible loss of data
C:\Users\Tiny Rick\Documents\441 Computer Graphics\projects\Project2\Project2\main.cpp(61,14): warning C4244: 'initializing': conversion from 'double' to 'float', possible loss of data
C:\Users\Tiny Rick\Documents\441 Computer Graphics\projects\Project2\Project2\main.cpp(62,14): warning C4244: 'initializing': conversion from 'double' to 'float', possible loss of data
C:\Users\Tiny Rick\Documents\441 Computer Graphics\projects\Project2\Project2\main.cpp(63,17): warning C4244: 'initializing': conversion from 'double' to 'float', possible loss of data
  Project2.vcxproj -> C:\Users\Tiny Rick\Documents\441 Computer Graphics\projects\Project2\x64\Debug\Project2.exe
