  main.cpp
C:\Users\Tiny Rick\Documents\441 Computer Graphics\new_include\csci441\vector4.h(57,18): warning C4244: 'argument': conversion from 'double' to 'float', possible loss of data
C:\Users\Tiny Rick\Documents\441 Computer Graphics\new_include\csci441\vector4.h(56,18): warning C4244: 'argument': conversion from 'double' to 'float', possible loss of data
C:\Users\Tiny Rick\Documents\441 Computer Graphics\new_include\csci441\vector4.h(55,18): warning C4244: 'argument': conversion from 'double' to 'float', possible loss of data
C:\Users\Tiny Rick\Documents\441 Computer Graphics\new_include\csci441\matrix4.h(54,36): warning C4244: '=': conversion from 'double' to 'float', possible loss of data
C:\Users\Tiny Rick\Documents\441 Computer Graphics\new_include\csci441\matrix4.h(55,28): warning C4244: '=': conversion from 'double' to 'float', possible loss of data
C:\Users\Tiny Rick\Documents\441 Computer Graphics\new_include\csci441\matrix4.h(56,36): warning C4244: '=': conversion from 'double' to 'float', possible loss of data
C:\Users\Tiny Rick\Documents\441 Computer Graphics\new_include\csci441\matrix4.h(57,36): warning C4244: '=': conversion from 'double' to 'float', possible loss of data
C:\Users\Tiny Rick\Documents\441 Computer Graphics\new_include\csci441\matrix4.h(64,36): warning C4244: '=': conversion from 'double' to 'float', possible loss of data
C:\Users\Tiny Rick\Documents\441 Computer Graphics\new_include\csci441\matrix4.h(65,36): warning C4244: '=': conversion from 'double' to 'float', possible loss of data
C:\Users\Tiny Rick\Documents\441 Computer Graphics\new_include\csci441\matrix4.h(66,28): warning C4244: '=': conversion from 'double' to 'float', possible loss of data
C:\Users\Tiny Rick\Documents\441 Computer Graphics\new_include\csci441\matrix4.h(67,36): warning C4244: '=': conversion from 'double' to 'float', possible loss of data
C:\Users\Tiny Rick\Documents\441 Computer Graphics\new_include\csci441\matrix4.h(74,36): warning C4244: '=': conversion from 'double' to 'float', possible loss of data
C:\Users\Tiny Rick\Documents\441 Computer Graphics\new_include\csci441\matrix4.h(75,28): warning C4244: '=': conversion from 'double' to 'float', possible loss of data
C:\Users\Tiny Rick\Documents\441 Computer Graphics\new_include\csci441\matrix4.h(76,36): warning C4244: '=': conversion from 'double' to 'float', possible loss of data
C:\Users\Tiny Rick\Documents\441 Computer Graphics\new_include\csci441\matrix4.h(77,36): warning C4244: '=': conversion from 'double' to 'float', possible loss of data
C:\Users\Tiny Rick\Documents\441 Computer Graphics\new_include\csci441\matrix4.h(125,30): warning C4244: '=': conversion from 'double' to 'float', possible loss of data
C:\Users\Tiny Rick\Documents\441 Computer Graphics\new_include\csci441\matrix4.h(126,30): warning C4244: '=': conversion from 'double' to 'float', possible loss of data
C:\Users\Tiny Rick\Documents\441 Computer Graphics\new_include\csci441\matrix4.h(157,32): warning C4244: '=': conversion from 'double' to 'float', possible loss of data
C:\Users\Tiny Rick\Documents\441 Computer Graphics\new_include\csci441\matrix4.h(191,39): warning C4244: '=': conversion from 'double' to 'float', possible loss of data
C:\Users\Tiny Rick\Documents\441 Computer Graphics\labs\lab7\lab7\lab7\shape.h(139,52): warning C4244: 'argument': conversion from 'double' to 'float', possible loss of data
C:\Users\Tiny Rick\Documents\441 Computer Graphics\labs\lab7\lab7\lab7\shape.h(139,45): warning C4244: 'argument': conversion from 'double' to 'float', possible loss of data
C:\Users\Tiny Rick\Documents\441 Computer Graphics\labs\lab7\lab7\lab7\shape.h(140,56): warning C4244: 'argument': conversion from 'double' to 'float', possible loss of data
C:\Users\Tiny Rick\Documents\441 Computer Graphics\labs\lab7\lab7\lab7\shape.h(140,47): warning C4244: 'argument': conversion from 'double' to 'float', possible loss of data
C:\Users\Tiny Rick\Documents\441 Computer Graphics\labs\lab7\lab7\lab7\shape.h(141,54): warning C4244: 'argument': conversion from 'double' to 'float', possible loss of data
C:\Users\Tiny Rick\Documents\441 Computer Graphics\labs\lab7\lab7\lab7\shape.h(141,47): warning C4244: 'argument': conversion from 'double' to 'float', possible loss of data
C:\Users\Tiny Rick\Documents\441 Computer Graphics\labs\lab7\lab7\lab7\shape.h(142,58): warning C4244: 'argument': conversion from 'double' to 'float', possible loss of data
C:\Users\Tiny Rick\Documents\441 Computer Graphics\labs\lab7\lab7\lab7\shape.h(142,49): warning C4244: 'argument': conversion from 'double' to 'float', possible loss of data
C:\Users\Tiny Rick\Documents\441 Computer Graphics\labs\lab7\lab7\lab7\main.cpp(43,28): warning C4305: 'initializing': truncation from 'double' to 'float'
C:\Users\Tiny Rick\Documents\441 Computer Graphics\labs\lab7\lab7\lab7\main.cpp(44,28): warning C4305: 'initializing': truncation from 'double' to 'float'
C:\Users\Tiny Rick\Documents\441 Computer Graphics\labs\lab7\lab7\lab7\main.cpp(216,42): warning C4305: 'argument': truncation from 'double' to 'float'
C:\Users\Tiny Rick\Documents\441 Computer Graphics\labs\lab7\lab7\lab7\main.cpp(285,51): warning C4267: 'argument': conversion from 'size_t' to 'GLsizei', possible loss of data
C:\Users\Tiny Rick\Documents\441 Computer Graphics\labs\lab7\lab7\lab7\shape.h(16,23): warning C4244: 'argument': conversion from 'const double' to 'const _Ty', possible loss of data
          with
          [
              _Ty=float
          ]
C:\Users\Tiny Rick\Documents\441 Computer Graphics\labs\lab7\lab7\lab7\shape.h(25): message : see reference to function template instantiation 'void add_vertex<T>(T &,const Vertex &)' being compiled
          with
          [
              T=std::vector<float,std::allocator<float>>
          ]
C:\Users\Tiny Rick\Documents\441 Computer Graphics\labs\lab7\lab7\lab7\shape.h(144): message : see reference to function template instantiation 'void add_triangle<std::vector<float,std::allocator<float>>>(T &,const Vertex &,const Vertex &,const Vertex &)' being compiled
          with
          [
              T=std::vector<float,std::allocator<float>>
          ]
C:\Users\Tiny Rick\Documents\441 Computer Graphics\labs\lab7\lab7\lab7\shape.h(17,23): warning C4244: 'argument': conversion from 'const double' to 'const _Ty', possible loss of data
          with
          [
              _Ty=float
          ]
C:\Users\Tiny Rick\Documents\441 Computer Graphics\labs\lab7\lab7\lab7\shape.h(18,23): warning C4244: 'argument': conversion from 'const double' to 'const _Ty', possible loss of data
          with
          [
              _Ty=float
          ]
C:\Users\Tiny Rick\Documents\441 Computer Graphics\labs\lab7\lab7\lab7\shape.h(19,23): warning C4244: 'argument': conversion from 'const double' to 'const _Ty', possible loss of data
          with
          [
              _Ty=float
          ]
C:\Users\Tiny Rick\Documents\441 Computer Graphics\labs\lab7\lab7\lab7\shape.h(20,23): warning C4244: 'argument': conversion from 'const double' to 'const _Ty', possible loss of data
          with
          [
              _Ty=float
          ]
  LINK : C:\Users\Tiny Rick\Documents\441 Computer Graphics\labs\lab7\lab7\x64\Debug\lab7.exe not found or not built by the last incremental link; performing full link
LINK : warning LNK4098: defaultlib 'MSVCRT' conflicts with use of other libs; use /NODEFAULTLIB:library
  lab7.vcxproj -> C:\Users\Tiny Rick\Documents\441 Computer Graphics\labs\lab7\lab7\x64\Debug\lab7.exe
