C:\Program Files (x86)\Microsoft Visual Studio\2019\Community\MSBuild\Microsoft\VC\v160\Microsoft.CppBuild.targets(459,5): warning MSB8028: The intermediate directory (x64\Debug\) contains files shared from another project (lab3.vcxproj).  This can lead to incorrect clean and rebuild behavior.
  Source.cpp
C:\Users\Tiny Rick\Documents\441 Computer Graphics\labs\lab4\lab3\Source.cpp(64,19): warning C4305: '-=': truncation from 'double' to 'float'
C:\Users\Tiny Rick\Documents\441 Computer Graphics\labs\lab4\lab3\Source.cpp(67,19): warning C4305: '+=': truncation from 'double' to 'float'
C:\Users\Tiny Rick\Documents\441 Computer Graphics\labs\lab4\lab3\Source.cpp(71,19): warning C4305: '-=': truncation from 'double' to 'float'
C:\Users\Tiny Rick\Documents\441 Computer Graphics\labs\lab4\lab3\Source.cpp(74,19): warning C4305: '+=': truncation from 'double' to 'float'
C:\Users\Tiny Rick\Documents\441 Computer Graphics\labs\lab4\lab3\Source.cpp(78,19): warning C4305: '-=': truncation from 'double' to 'float'
C:\Users\Tiny Rick\Documents\441 Computer Graphics\labs\lab4\lab3\Source.cpp(81,19): warning C4305: '+=': truncation from 'double' to 'float'
C:\Users\Tiny Rick\Documents\441 Computer Graphics\labs\lab4\lab3\Source.cpp(87,18): warning C4305: '-=': truncation from 'double' to 'float'
C:\Users\Tiny Rick\Documents\441 Computer Graphics\labs\lab4\lab3\Source.cpp(90,18): warning C4305: '+=': truncation from 'double' to 'float'
C:\Users\Tiny Rick\Documents\441 Computer Graphics\labs\lab4\lab3\Source.cpp(96,19): warning C4305: '-=': truncation from 'double' to 'float'
C:\Users\Tiny Rick\Documents\441 Computer Graphics\labs\lab4\lab3\Source.cpp(99,19): warning C4305: '+=': truncation from 'double' to 'float'
C:\Users\Tiny Rick\Documents\441 Computer Graphics\labs\lab4\lab3\Source.cpp(102,18): warning C4305: '-=': truncation from 'double' to 'float'
C:\Users\Tiny Rick\Documents\441 Computer Graphics\labs\lab4\lab3\Source.cpp(105,19): warning C4305: '+=': truncation from 'double' to 'float'
C:\Users\Tiny Rick\Documents\441 Computer Graphics\labs\lab4\lab3\Source.cpp(108,19): warning C4305: '-=': truncation from 'double' to 'float'
C:\Users\Tiny Rick\Documents\441 Computer Graphics\labs\lab4\lab3\Source.cpp(111,19): warning C4305: '+=': truncation from 'double' to 'float'
C:\Users\Tiny Rick\Documents\441 Computer Graphics\labs\lab4\lab3\Source.cpp(198,21): warning C4244: '=': conversion from 'double' to 'float', possible loss of data
C:\Users\Tiny Rick\Documents\441 Computer Graphics\labs\lab4\lab3\Source.cpp(367,16): warning C4838: conversion from 'double' to 'float' requires a narrowing conversion
C:\Users\Tiny Rick\Documents\441 Computer Graphics\labs\lab4\lab3\Source.cpp(367,16): warning C4244: 'initializing': conversion from 'double' to 'float', possible loss of data
C:\Users\Tiny Rick\Documents\441 Computer Graphics\labs\lab4\lab3\Source.cpp(368,21): warning C4838: conversion from 'double' to 'float' requires a narrowing conversion
C:\Users\Tiny Rick\Documents\441 Computer Graphics\labs\lab4\lab3\Source.cpp(368,21): warning C4244: 'initializing': conversion from 'double' to 'float', possible loss of data
C:\Users\Tiny Rick\Documents\441 Computer Graphics\labs\lab4\lab3\Source.cpp(369,26): warning C4838: conversion from 'double' to 'float' requires a narrowing conversion
C:\Users\Tiny Rick\Documents\441 Computer Graphics\labs\lab4\lab3\Source.cpp(369,26): warning C4244: 'initializing': conversion from 'double' to 'float', possible loss of data
  lab3.vcxproj -> C:\Users\Tiny Rick\Documents\441 Computer Graphics\labs\lab4\x64\Debug\lab4.exe
